<?xml version="1.0" encoding="UTF-8"?>
<testsuite name="ru.netology.web.CallbackTest" tests="1" skipped="0" failures="0" errors="0" timestamp="2020-07-13T11:19:43" hostname="KARELINA-NB2" time="5.008">
  <properties/>
  <testcase name="shouldSubmitRequest()" classname="ru.netology.web.CallbackTest" time="5.008"/>
  <system-out><![CDATA[]]></system-out>
  <system-err><![CDATA[Starting ChromeDriver 83.0.4103.39 (ccbf011cb2d2b19b506d844400483861342c20cd-refs/branch-heads/4103@{#416}) on port 12070
Only local connections are allowed.
Please see https://chromedriver.chromium.org/security-considerations for suggestions on keeping ChromeDriver safe.
ChromeDriver was started successfully.
июл. 13, 2020 2:19:43 PM org.openqa.selenium.remote.ProtocolHandshake createSession
INFO: Detected dialect: W3C
Starting ChromeDriver 83.0.4103.39 (ccbf011cb2d2b19b506d844400483861342c20cd-refs/branch-heads/4103@{#416}) on port 35300
Only local connections are allowed.
Please see https://chromedriver.chromium.org/security-considerations for suggestions on keeping ChromeDriver safe.
ChromeDriver was started successfully.
июл. 13, 2020 2:19:46 PM org.openqa.selenium.remote.ProtocolHandshake createSession
INFO: Detected dialect: W3C
]]></system-err>
</testsuite>
